<?xml version='1.0' encoding='UTF-8'?>
<testsuite hostname="DESKTOP-3B02N23" name="br.unb.cic.flang.SubstitutionTest" tests="5" errors="0" failures="0" skipped="0" time="0.032" timestamp="2024-07-18T23:34:18">
          <properties>
      <property name="java.specification.version" value="21"/><property name="sun.cpu.isalist" value="amd64"/><property name="sun.jnu.encoding" value="Cp1252"/><property name="sun.arch.data.model" value="64"/><property name="java.vendor.url" value="https://java.oracle.com/"/><property name="sun.boot.library.path" value="C:\Program Files\Java\jdk-21\bin"/><property name="sun.java.command" value="xsbt.boot.Boot"/><property name="jdk.debug" value="release"/><property name="java.specification.vendor" value="Oracle Corporation"/><property name="java.version.date" value="2023-09-19"/><property name="java.home" value="C:\Program Files\Java\jdk-21"/><property name="file.separator" value="\"/><property name="java.vm.compressedOopsMode" value="32-bit"/><property name="line.separator" value="
"/><property name="java.vm.specification.vendor" value="Oracle Corporation"/><property name="java.specification.name" value="Java Platform API Specification"/><property name="user.script" value=""/><property name="sun.management.compiler" value="HotSpot 64-Bit Tiered Compilers"/><property name="java.runtime.version" value="21+35-LTS-2513"/><property name="user.name" value="Vinicius"/><property name="log4j.ignoreTCL" value="true"/><property name="file.encoding" value="UTF-8"/><property name="jnidispatch.path" value="C:\Users\Vinicius\AppData\Local\Temp\jna-1505669714\jna322332526847976975.dll"/><property name="jna.loaded" value="true"/><property name="java.io.tmpdir" value="C:\Users\Vinicius\AppData\Local\Temp\"/><property name="java.version" value="21"/><property name="java.vm.specification.name" value="Java Virtual Machine Specification"/><property name="sun.os.patch.level" value=""/><property name="native.encoding" value="Cp1252"/><property name="java.library.path" value="C:\Program Files\Java\jdk-21\bin;C:\WINDOWS\Sun\Java\bin;C:\WINDOWS\system32;C:\WINDOWS;C:\Python312\Scripts\;C:\Python312\;C:\Program Files\Common Files\Oracle\Java\javapath;C:\Program Files (x86)\Common Files\Oracle\Java\javapath;C:\Windows\system32;C:\Windows;C:\Windows\System32\Wbem;C:\Windows\System32\WindowsPowerShell\v1.0\;C:\Windows\System32\OpenSSH\;C:\Program Files\NVIDIA Corporation\NVIDIA NvDLISR;C:\WINDOWS\system32;C:\WINDOWS;C:\WINDOWS\System32\Wbem;C:\WINDOWS\System32\WindowsPowerShell\v1.0\;C:\WINDOWS\System32\OpenSSH\;C:\Program Files (x86)\NVIDIA Corporation\PhysX\Common;C:\Program Files\Microsoft SQL Server\130\Tools\Binn\;C:\Program Files\Git\cmd;C:\Program Files\dotnet\;C:\Program Files\Microsoft SQL Server\Client SDK\ODBC\170\Tools\Binn\;C:\Users\Vinicius\AppData\Local\Programs\Python\Python38;C:\Users\Vinicius\AppData\Local\Programs\Python\Python38\Scripts;C:\WINDOWS\system32;C:\WINDOWS;C:\WINDOWS\System32\Wbem;C:\WINDOWS\System32\WindowsPowerShell\v1.0\;C:\WINDOWS\System32\OpenSSH\;C:\Users\Vinicius\ffmpeg\ffmpeg-master-latest-win64-gpl\bin;C:\Users\Vinicius\Documents\ngrok\ngrok.exe;C:\Program Files\PuTTY\;C:\ProgramData\chocolatey\bin;C:\ProgramData\Microsoft\Windows\Start Menu\Programs\flutter\bin;C:\Users\Vinicius\AppData\Local\Pub\Cache\bin;C:\Program Files\nodejs\;C:\Program Files\PostgreSQL\16\bin;C:\msys64\ucrt64\bin;C:\Users\Vinicius\.cargo\bin;C:\Users\Vinicius\AppData\Local\Microsoft\WindowsApps;C:\Users\Vinicius\AppData\Local\Programs\Microsoft VS Code\bin;C:\Program Files\heroku\bin;C:\Users\Vinicius\AppData\Roaming\Pub\Cache\bin;E:\altera\13.0sp1\modelsim_ase\win32aloem;C:\intelFPGA\22.1std\questa_fse\win64;E:\intelFPGA\18.1\modelsim_ase\win32aloem;C:\Users\Vinicius\AppData\Roaming\npm;C:\Users\Vinicius\AppData\Local\Coursier\data\bin;."/><property name="stderr.encoding" value="cp437"/><property name="java.vendor" value="Oracle Corporation"/><property name="scala.ext.dirs" value="C:\\Users\\Vinicius\\.sbt\\1.0\\java9-rt-ext-oracle_corporation_21"/><property name="sun.io.unicode.encoding" value="UnicodeLittle"/><property name="java.class.path" value="C:\\Users\\Vinicius\\AppData\\Local\\Coursier\\cache\\arc\\https\\github.com\\sbt\\sbt\\releases\\download\\v1.10.1\\sbt-1.10.1.zip\\sbt\\bin\\sbt-launch.jar"/><property name="java.vm.vendor" value="Oracle Corporation"/><property name="user.variant" value=""/><property name="jline.shutdownhook" value="false"/><property name="user.timezone" value="America/Sao_Paulo"/><property name="java.vm.specification.version" value="21"/><property name="os.name" value="Windows 10"/><property name="sun.java.launcher" value="SUN_STANDARD"/><property name="user.country" value="BR"/><property name="sun.cpu.endian" value="little"/><property name="user.home" value="C:\Users\Vinicius"/><property name="user.language" value="pt"/><property name="sbt.ipcsocket.tmpdir" value="C:\Users\Vinicius\AppData\Local\Temp\.sbt81ab7195\ipcsocket"/><property name="swoval.tmpdir" value="C:\Users\Vinicius\AppData\Local\Temp\.sbt81ab7195\swoval"/><property name="jline.esc.timeout" value="0"/><property name="stdout.encoding" value="cp437"/><property name="path.separator" value=";"/><property name="os.version" value="10.0"/><property name="jna.nosys" value="true"/><property name="java.runtime.name" value="Java(TM) SE Runtime Environment"/><property name="java.vm.name" value="Java HotSpot(TM) 64-Bit Server VM"/><property name="java.vendor.url.bug" value="https://bugreport.java.com/bugreport/"/><property name="user.dir" value="C:\Users\Vinicius\UnB\FLanguage"/><property name="os.arch" value="amd64"/><property name="java.vm.info" value="mixed mode, sharing"/><property name="java.vm.version" value="21+35-LTS-2513"/><property name="java.class.version" value="65.0"/>
    </properties>
          <testcase classname="br.unb.cic.flang.SubstitutionTest" name="substitute x by CInt(5) in CInt(10) should return the int constant 10." time="0.032">
                      
                    </testcase><testcase classname="br.unb.cic.flang.SubstitutionTest" name="substitute x by CInt(5) in Id('x') should return the int constant 5." time="0.0">
                      
                    </testcase><testcase classname="br.unb.cic.flang.SubstitutionTest" name="substitute x by CInt(5) in Id('y') should return Id('y')." time="0.0">
                      
                    </testcase><testcase classname="br.unb.cic.flang.SubstitutionTest" name="substitute x by CInt(5) in Add(CInt(10), Id('x')) should return Add(CInt(10), CInt(5))" time="0.0">
                      
                    </testcase><testcase classname="br.unb.cic.flang.SubstitutionTest" name="substitute x by CInt(5) in Add(CInt(10), Add(Id('x'), Id('x'))) should return Add(CInt(10), Add(CInt(5), CInt(5)))" time="0.0">
                      
                    </testcase>
          <system-out><![CDATA[]]></system-out>
          <system-err><![CDATA[]]></system-err>
        </testsuite>